<?xml version="1.0" encoding="UTF-8"?>
<testsuite name="tws.repository.ParkingBoyMApperTest" tests="1" skipped="0" failures="0" errors="0" timestamp="2019-08-31T07:37:48" hostname="LAPTOP-NAF4NTA9" time="0.012">
  <properties/>
  <testcase name="shouldFetchAllParkingboys" classname="tws.repository.ParkingBoyMApperTest" time="0.012"/>
  <system-out><![CDATA[2019-08-31 15:37:48.733  INFO 11120 --- [    Test worker] m.s.b.t.a.MybatisTestContextBootstrapper : Neither @ContextConfiguration nor @ContextHierarchy found for test class [tws.repository.ParkingBoyMApperTest], using SpringBootContextLoader
2019-08-31 15:37:48.734  INFO 11120 --- [    Test worker] o.s.t.c.support.AbstractContextLoader    : Could not detect default resource locations for test class [tws.repository.ParkingBoyMApperTest]: no resource found for suffixes {-context.xml, Context.groovy}.
2019-08-31 15:37:48.734  INFO 11120 --- [    Test worker] t.c.s.AnnotationConfigContextLoaderUtils : Could not detect default configuration classes for test class [tws.repository.ParkingBoyMApperTest]: ParkingBoyMApperTest does not declare any static, non-private, non-final, nested classes annotated with @Configuration.
2019-08-31 15:37:48.737  INFO 11120 --- [    Test worker] .b.t.c.SpringBootTestContextBootstrapper : Found @SpringBootConfiguration tws.Application for test class tws.repository.ParkingBoyMApperTest
2019-08-31 15:37:48.738  INFO 11120 --- [    Test worker] m.s.b.t.a.MybatisTestContextBootstrapper : Loaded default TestExecutionListener class names from location [META-INF/spring.factories]: [org.springframework.boot.test.autoconfigure.restdocs.RestDocsTestExecutionListener, org.springframework.boot.test.autoconfigure.web.client.MockRestServiceServerResetTestExecutionListener, org.springframework.boot.test.autoconfigure.web.servlet.MockMvcPrintOnlyOnFailureTestExecutionListener, org.springframework.boot.test.autoconfigure.web.servlet.WebDriverTestExecutionListener, org.springframework.boot.test.mock.mockito.MockitoTestExecutionListener, org.springframework.boot.test.mock.mockito.ResetMocksTestExecutionListener, org.springframework.test.context.web.ServletTestExecutionListener, org.springframework.test.context.support.DirtiesContextBeforeModesTestExecutionListener, org.springframework.test.context.support.DependencyInjectionTestExecutionListener, org.springframework.test.context.support.DirtiesContextTestExecutionListener, org.springframework.test.context.transaction.TransactionalTestExecutionListener, org.springframework.test.context.jdbc.SqlScriptsTestExecutionListener]
2019-08-31 15:37:48.738  INFO 11120 --- [    Test worker] m.s.b.t.a.MybatisTestContextBootstrapper : Using TestExecutionListeners: [org.springframework.test.context.web.ServletTestExecutionListener@1ee95add, org.springframework.test.context.support.DirtiesContextBeforeModesTestExecutionListener@10fc7a94, org.springframework.boot.test.mock.mockito.MockitoTestExecutionListener@135f14a4, org.springframework.boot.test.autoconfigure.SpringBootDependencyInjectionTestExecutionListener@200b836f, org.springframework.test.context.support.DirtiesContextTestExecutionListener@74e00a01, org.springframework.test.context.transaction.TransactionalTestExecutionListener@73be6d3, org.springframework.test.context.jdbc.SqlScriptsTestExecutionListener@6caa28a4, org.springframework.boot.test.autoconfigure.restdocs.RestDocsTestExecutionListener@10c6cea5, org.springframework.boot.test.autoconfigure.web.client.MockRestServiceServerResetTestExecutionListener@64827ebe, org.springframework.boot.test.autoconfigure.web.servlet.MockMvcPrintOnlyOnFailureTestExecutionListener@3c571183, org.springframework.boot.test.autoconfigure.web.servlet.WebDriverTestExecutionListener@185f1a5, org.springframework.boot.test.mock.mockito.ResetMocksTestExecutionListener@2710a4d6]
2019-08-31 15:37:48.747  INFO 11120 --- [    Test worker] o.s.t.c.transaction.TransactionContext   : Began transaction (1) for test context [DefaultTestContext@1296528f testClass = ParkingBoyMApperTest, testInstance = tws.repository.ParkingBoyMApperTest@21e7556c, testMethod = shouldFetchAllParkingboys@ParkingBoyMApperTest, testException = [null], mergedContextConfiguration = [MergedContextConfiguration@114c2739 testClass = ParkingBoyMApperTest, locations = '{}', classes = '{class tws.Application}', contextInitializerClasses = '[]', activeProfiles = '{}', propertySourceLocations = '{}', propertySourceProperties = '{org.mybatis.spring.boot.test.autoconfigure.MybatisTestContextBootstrapper=true}', contextCustomizers = set[org.springframework.boot.test.autoconfigure.OverrideAutoConfigurationContextCustomizerFactory$DisableAutoConfigurationContextCustomizer@2854bbee, org.springframework.boot.test.autoconfigure.filter.TypeExcludeFiltersContextCustomizer@351584c0, org.springframework.boot.test.autoconfigure.properties.PropertyMappingContextCustomizer@9aa0437, org.springframework.boot.test.autoconfigure.web.servlet.WebDriverContextCustomizerFactory$Customizer@11d48616, [ImportsContextCustomizer@50e01ee1 key = [org.springframework.boot.autoconfigure.cache.CacheAutoConfiguration, org.springframework.boot.autoconfigure.flyway.FlywayAutoConfiguration, org.springframework.boot.autoconfigure.jdbc.DataSourceAutoConfiguration, org.springframework.boot.autoconfigure.jdbc.DataSourceTransactionManagerAutoConfiguration, org.springframework.boot.autoconfigure.jdbc.JdbcTemplateAutoConfiguration, org.springframework.boot.autoconfigure.liquibase.LiquibaseAutoConfiguration, org.springframework.boot.autoconfigure.transaction.TransactionAutoConfiguration, org.mybatis.spring.boot.autoconfigure.MybatisLanguageDriverAutoConfiguration, org.mybatis.spring.boot.autoconfigure.MybatisAutoConfiguration, org.springframework.boot.test.autoconfigure.jdbc.TestDatabaseAutoConfiguration]], org.springframework.boot.test.context.filter.ExcludeFilterContextCustomizer@708ea1e5, org.springframework.boot.test.json.DuplicateJsonObjectContextCustomizerFactory$DuplicateJsonObjectContextCustomizer@1220d5ef, org.springframework.boot.test.mock.mockito.MockitoContextCustomizer@0], contextLoader = 'org.springframework.boot.test.context.SpringBootContextLoader', parent = [null]], attributes = map[[empty]]]; transaction manager [org.springframework.jdbc.datasource.DataSourceTransactionManager@a349625]; rollback [true]
2019-08-31 15:37:48.753  INFO 11120 --- [    Test worker] o.s.test.jdbc.JdbcTestUtils              : Deleted 1 rows from table parking_boy
2019-08-31 15:37:48.757  INFO 11120 --- [    Test worker] o.s.t.c.transaction.TransactionContext   : Rolled back transaction for test: [DefaultTestContext@1296528f testClass = ParkingBoyMApperTest, testInstance = tws.repository.ParkingBoyMApperTest@21e7556c, testMethod = shouldFetchAllParkingboys@ParkingBoyMApperTest, testException = [null], mergedContextConfiguration = [MergedContextConfiguration@114c2739 testClass = ParkingBoyMApperTest, locations = '{}', classes = '{class tws.Application}', contextInitializerClasses = '[]', activeProfiles = '{}', propertySourceLocations = '{}', propertySourceProperties = '{org.mybatis.spring.boot.test.autoconfigure.MybatisTestContextBootstrapper=true}', contextCustomizers = set[org.springframework.boot.test.autoconfigure.OverrideAutoConfigurationContextCustomizerFactory$DisableAutoConfigurationContextCustomizer@2854bbee, org.springframework.boot.test.autoconfigure.filter.TypeExcludeFiltersContextCustomizer@351584c0, org.springframework.boot.test.autoconfigure.properties.PropertyMappingContextCustomizer@9aa0437, org.springframework.boot.test.autoconfigure.web.servlet.WebDriverContextCustomizerFactory$Customizer@11d48616, [ImportsContextCustomizer@50e01ee1 key = [org.springframework.boot.autoconfigure.cache.CacheAutoConfiguration, org.springframework.boot.autoconfigure.flyway.FlywayAutoConfiguration, org.springframework.boot.autoconfigure.jdbc.DataSourceAutoConfiguration, org.springframework.boot.autoconfigure.jdbc.DataSourceTransactionManagerAutoConfiguration, org.springframework.boot.autoconfigure.jdbc.JdbcTemplateAutoConfiguration, org.springframework.boot.autoconfigure.liquibase.LiquibaseAutoConfiguration, org.springframework.boot.autoconfigure.transaction.TransactionAutoConfiguration, org.mybatis.spring.boot.autoconfigure.MybatisLanguageDriverAutoConfiguration, org.mybatis.spring.boot.autoconfigure.MybatisAutoConfiguration, org.springframework.boot.test.autoconfigure.jdbc.TestDatabaseAutoConfiguration]], org.springframework.boot.test.context.filter.ExcludeFilterContextCustomizer@708ea1e5, org.springframework.boot.test.json.DuplicateJsonObjectContextCustomizerFactory$DuplicateJsonObjectContextCustomizer@1220d5ef, org.springframework.boot.test.mock.mockito.MockitoContextCustomizer@0], contextLoader = 'org.springframework.boot.test.context.SpringBootContextLoader', parent = [null]], attributes = map[[empty]]]
]]></system-out>
  <system-err><![CDATA[]]></system-err>
</testsuite>
